C:\USERS\ADAM\DOCUMENTS\VISUAL STUDIO 2012\PROJECTS\AJH_LOGSORT\AJH_LOGSORT\AJH_LOGSORT\DEBUG\AJH_LOGSORT.OBJ
C:\USERS\ADAM\DOCUMENTS\VISUAL STUDIO 2012\PROJECTS\AJH_LOGSORT\AJH_LOGSORT\AJH_LOGSORT\DEBUG\VC110.PDB
C:\USERS\ADAM\DOCUMENTS\VISUAL STUDIO 2012\PROJECTS\AJH_LOGSORT\AJH_LOGSORT\DEBUG\AJH_LOGSORT.ILK
C:\USERS\ADAM\DOCUMENTS\VISUAL STUDIO 2012\PROJECTS\AJH_LOGSORT\AJH_LOGSORT\DEBUG\AJH_LOGSORT.EXE
C:\USERS\ADAM\DOCUMENTS\VISUAL STUDIO 2012\PROJECTS\AJH_LOGSORT\AJH_LOGSORT\DEBUG\AJH_LOGSORT.PDB
C:\Users\adam\Documents\Visual Studio 2012\Projects\ajh_logsort\AJH_LogSort\AJH_LogSort\Debug\ajh_logsort.obj
C:\Users\adam\Documents\Visual Studio 2012\Projects\ajh_logsort\AJH_LogSort\AJH_LogSort\Debug\cl.command.1.tlog
C:\Users\adam\Documents\Visual Studio 2012\Projects\ajh_logsort\AJH_LogSort\AJH_LogSort\Debug\CL.read.1.tlog
C:\Users\adam\Documents\Visual Studio 2012\Projects\ajh_logsort\AJH_LogSort\AJH_LogSort\Debug\CL.write.1.tlog
C:\Users\adam\Documents\Visual Studio 2012\Projects\ajh_logsort\AJH_LogSort\AJH_LogSort\Debug\link-cvtres.read.1.tlog
C:\Users\adam\Documents\Visual Studio 2012\Projects\ajh_logsort\AJH_LogSort\AJH_LogSort\Debug\link-cvtres.write.1.tlog
C:\Users\adam\Documents\Visual Studio 2012\Projects\ajh_logsort\AJH_LogSort\AJH_LogSort\Debug\link-rc.read.1.tlog
C:\Users\adam\Documents\Visual Studio 2012\Projects\ajh_logsort\AJH_LogSort\AJH_LogSort\Debug\link-rc.write.1.tlog
C:\Users\adam\Documents\Visual Studio 2012\Projects\ajh_logsort\AJH_LogSort\AJH_LogSort\Debug\link.command.1.tlog
C:\Users\adam\Documents\Visual Studio 2012\Projects\ajh_logsort\AJH_LogSort\AJH_LogSort\Debug\link.read.1.tlog
C:\Users\adam\Documents\Visual Studio 2012\Projects\ajh_logsort\AJH_LogSort\AJH_LogSort\Debug\link.write.1.tlog
C:\Users\adam\Documents\Visual Studio 2012\Projects\ajh_logsort\AJH_LogSort\AJH_LogSort\Debug\vc110.idb
C:\Users\adam\Documents\Visual Studio 2012\Projects\ajh_logsort\AJH_LogSort\AJH_LogSort\Debug\vc110.pdb
C:\Users\adam\Documents\Visual Studio 2012\Projects\ajh_logsort\AJH_LogSort\Debug\AJH_LogSort.pdb
C:\Users\adam\Documents\Visual Studio 2012\Projects\ajh_logsort\AJH_LogSort\Debug\AJH_LogSort.exe
C:\Users\adam\Documents\Visual Studio 2012\Projects\ajh_logsort\AJH_LogSort\Debug\AJH_LogSort.ilk
